<?xml version="1.0" encoding="UTF-8"?>
<!-- Generated by org.testng.reporters.JUnitXMLReporter -->
<testsuite ignored="0" hostname="shrawani" failures="0" tests="6" name="Test1" time="48.031" errors="0" timestamp="2024-05-20T11:12:00 IST">
  <testcase classname="BatchExectionFashion.Flipkart" name="flip" time="10.145"/>
  <testcase classname="BatchExectionFashion.Amazon" name="amz" time="13.104"/>
  <testcase classname="BatchExectionFashion.Ajoi" name="Aj" time="26.515"/>
  <testcase classname="BatchExecutionTravel.AbhiAbhi" name="Ab" time="28.765"/>
  <testcase classname="BatchExecutionTravel.Makemytip" name="MT" time="31.036"/>
  <testcase classname="BatchExecutionTravel.RebBus" name="RB" time="21.356"/>
</testsuite> <!-- Test1 -->
