<?xml version="1.0" encoding="UTF-8"?>
<!-- Generated by org.testng.reporters.JUnitXMLReporter -->
<testsuite ignored="0" hostname="shrawani" failures="0" tests="6" name="Test2" time="82.57" errors="0" timestamp="2024-05-20T11:13:22 IST">
  <testcase classname="BatchExectionFashion.Amazon" name="amz" time="11.24"/>
  <testcase classname="BatchExectionFashion.Ajoi" name="Aj" time="11.304"/>
  <testcase classname="BatchExectionFashion.Flipkart" name="flip" time="36.944"/>
  <testcase classname="BatchExecutionTravel.AbhiAbhi" name="Ab" time="35.53"/>
  <testcase classname="BatchExecutionTravel.Makemytip" name="MT" time="55.049"/>
  <testcase classname="BatchExecutionTravel.RebBus" name="RB" time="45.585"/>
</testsuite> <!-- Test2 -->
