<?xml version="1.0" encoding="UTF-8"?>
<testng-results ignored="0" total="1" passed="1" failed="0" skipped="0">
  <reporter-output>
  </reporter-output>
  <suite started-at="2024-07-30T10:42:50 IST" name="Default suite" finished-at="2024-07-30T10:42:51 IST" duration-ms="1210">
    <groups>
    </groups>
    <test started-at="2024-07-30T10:42:50 IST" name="Default test" finished-at="2024-07-30T10:42:51 IST" duration-ms="1210">
      <class name="ExtendReport.SampleREPORT">
        <test-method signature="BasReport()[pri:0, instance:ExtendReport.SampleREPORT@f6efaab]" started-at="2024-07-30T10:42:50 IST" name="BasReport" finished-at="2024-07-30T10:42:51 IST" duration-ms="1108" status="PASS">
          <reporter-output>
          </reporter-output>
        </test-method> <!-- BasReport -->
      </class> <!-- ExtendReport.SampleREPORT -->
    </test> <!-- Default test -->
  </suite> <!-- Default suite -->
</testng-results>
